<?xml version="1.0" encoding="UTF-8"?>
<testng-results skipped="0" failed="0" ignored="0" total="1" passed="1">
  <reporter-output>
  </reporter-output>
  <suite name="Default suite" duration-ms="14078" started-at="2017-09-15T11:53:30Z" finished-at="2017-09-15T11:53:44Z">
    <groups>
    </groups>
    <test name="Default test" duration-ms="14078" started-at="2017-09-15T11:53:30Z" finished-at="2017-09-15T11:53:44Z">
      <class name="com.SelProject.LaunchBrowser">
        <test-method status="PASS" signature="init()[pri:0, instance:com.SelProject.LaunchBrowser@91161c7]" name="init" duration-ms="13989" started-at="2017-09-15T23:53:30Z" finished-at="2017-09-15T23:53:44Z">
          <reporter-output>
          </reporter-output>
        </test-method> <!-- init -->
      </class> <!-- com.SelProject.LaunchBrowser -->
    </test> <!-- Default test -->
  </suite> <!-- Default suite -->
</testng-results>
